This is pdfTeX, Version 3.1415926-2.5-1.40.14 (TeX Live 2013) (format=pdflatex 2013.5.30)  26 JAN 2015 14:11
entering extended mode
 restricted \write18 enabled.
 %&-line parsing enabled.
**BTSVD
(./BTSVD.tex
LaTeX2e <2011/06/27>
Babel <3.9f> and hyphenation patterns for 78 languages loaded.
(./llncs.cls
Document Class: llncs 2013/09/27 v2.18 
 LaTeX document class for Lecture Notes in Computer Science
(/usr/local/texlive/2013/texmf-dist/tex/latex/base/article.cls
Document Class: article 2007/10/19 v1.4h Standard LaTeX document class
(/usr/local/texlive/2013/texmf-dist/tex/latex/base/size10.clo
File: size10.clo 2007/10/19 v1.4h Standard LaTeX file (size option)
)
\c@part=\count79
\c@section=\count80
\c@subsection=\count81
\c@subsubsection=\count82
\c@paragraph=\count83
\c@subparagraph=\count84
\c@figure=\count85
\c@table=\count86
\abovecaptionskip=\skip41
\belowcaptionskip=\skip42
\bibindent=\dimen102
)
(/usr/local/texlive/2013/texmf-dist/tex/latex/tools/multicol.sty
Package: multicol 2011/06/27 v1.7a multicolumn formatting (FMi)
\c@tracingmulticols=\count87
\mult@box=\box26
\multicol@leftmargin=\dimen103
\c@unbalance=\count88
\c@collectmore=\count89
\doublecol@number=\count90
\multicoltolerance=\count91
\multicolpretolerance=\count92
\full@width=\dimen104
\page@free=\dimen105
\premulticols=\dimen106
\postmulticols=\dimen107
\multicolsep=\skip43
\multicolbaselineskip=\skip44
\partial@page=\box27
\last@line=\box28
\mult@rightbox=\box29
\mult@grightbox=\box30
\mult@gfirstbox=\box31
\mult@firstbox=\box32
\@tempa=\box33
\@tempa=\box34
\@tempa=\box35
\@tempa=\box36
\@tempa=\box37
\@tempa=\box38
\@tempa=\box39
\@tempa=\box40
\@tempa=\box41
\@tempa=\box42
\@tempa=\box43
\@tempa=\box44
\@tempa=\box45
\@tempa=\box46
\@tempa=\box47
\@tempa=\box48
\@tempa=\box49
\c@columnbadness=\count93
\c@finalcolumnbadness=\count94
\last@try=\dimen108
\multicolovershoot=\dimen109
\multicolundershoot=\dimen110
\mult@nat@firstbox=\box50
\colbreak@box=\box51
\multicol@sort@counter=\count95
)
(/usr/local/texlive/2013/texmf-dist/tex/latex/oberdiek/aliascnt.sty
Package: aliascnt 2009/09/08 v1.3 Alias counters (HO)

(/usr/local/texlive/2013/texmf-dist/tex/latex/carlisle/remreset.sty))
\c@chapter=\count96
LaTeX Font Info:    Redeclaring math symbol \Gamma on input line 362.
LaTeX Font Info:    Redeclaring math symbol \Delta on input line 363.
LaTeX Font Info:    Redeclaring math symbol \Theta on input line 364.
LaTeX Font Info:    Redeclaring math symbol \Lambda on input line 365.
LaTeX Font Info:    Redeclaring math symbol \Xi on input line 366.
LaTeX Font Info:    Redeclaring math symbol \Pi on input line 367.
LaTeX Font Info:    Redeclaring math symbol \Sigma on input line 368.
LaTeX Font Info:    Redeclaring math symbol \Upsilon on input line 369.
LaTeX Font Info:    Redeclaring math symbol \Phi on input line 370.
LaTeX Font Info:    Redeclaring math symbol \Psi on input line 371.
LaTeX Font Info:    Redeclaring math symbol \Omega on input line 372.
\tocchpnum=\dimen111
\tocsecnum=\dimen112
\tocsectotal=\dimen113
\tocsubsecnum=\dimen114
\tocsubsectotal=\dimen115
\tocsubsubsecnum=\dimen116
\tocsubsubsectotal=\dimen117
\tocparanum=\dimen118
\tocparatotal=\dimen119
\tocsubparanum=\dimen120
\@tempcntc=\count97
\fnindent=\dimen121
\c@@inst=\count98
\c@@auth=\count99
\c@auco=\count100
\instindent=\dimen122
\authrun=\box52
\authorrunning=\toks14
\tocauthor=\toks15
\titrun=\box53
\titlerunning=\toks16
\toctitle=\toks17
\c@theorem=\count101
\c@case=\count102
\c@conjecture=\count103
\c@corollary=\count104
\c@definition=\count105
\c@example=\count106
\c@exercise=\count107
\c@lemma=\count108
\c@note=\count109
\c@problem=\count110
\c@property=\count111
\c@proposition=\count112
\c@question=\count113
\c@solution=\count114
\c@remark=\count115
\headlineindent=\dimen123
)
(/usr/local/texlive/2013/texmf-dist/tex/generic/oberdiek/ifpdf.sty
Package: ifpdf 2011/01/30 v2.3 Provides the ifpdf switch (HO)
Package ifpdf Info: pdfTeX in PDF mode is detected.
)
(/usr/local/texlive/2013/texmf-dist/tex/latex/graphics/graphicx.sty
Package: graphicx 1999/02/16 v1.0f Enhanced LaTeX Graphics (DPC,SPQR)

(/usr/local/texlive/2013/texmf-dist/tex/latex/graphics/keyval.sty
Package: keyval 1999/03/16 v1.13 key=value parser (DPC)
\KV@toks@=\toks18
)
(/usr/local/texlive/2013/texmf-dist/tex/latex/graphics/graphics.sty
Package: graphics 2009/02/05 v1.0o Standard LaTeX Graphics (DPC,SPQR)

(/usr/local/texlive/2013/texmf-dist/tex/latex/graphics/trig.sty
Package: trig 1999/03/16 v1.09 sin cos tan (DPC)
)
(/usr/local/texlive/2013/texmf-dist/tex/latex/latexconfig/graphics.cfg
File: graphics.cfg 2010/04/23 v1.9 graphics configuration of TeX Live
)
Package graphics Info: Driver file: pdftex.def on input line 91.

(/usr/local/texlive/2013/texmf-dist/tex/latex/pdftex-def/pdftex.def
File: pdftex.def 2011/05/27 v0.06d Graphics/color for pdfTeX

(/usr/local/texlive/2013/texmf-dist/tex/generic/oberdiek/infwarerr.sty
Package: infwarerr 2010/04/08 v1.3 Providing info/warning/error messages (HO)
)
(/usr/local/texlive/2013/texmf-dist/tex/generic/oberdiek/ltxcmds.sty
Package: ltxcmds 2011/11/09 v1.22 LaTeX kernel commands for general use (HO)
)
\Gread@gobject=\count116
))
\Gin@req@height=\dimen124
\Gin@req@width=\dimen125
)
(/usr/local/texlive/2013/texmf-dist/tex/latex/amsmath/amsmath.sty
Package: amsmath 2013/01/14 v2.14 AMS math features
\@mathmargin=\skip45

For additional information on amsmath, use the `?' option.
(/usr/local/texlive/2013/texmf-dist/tex/latex/amsmath/amstext.sty
Package: amstext 2000/06/29 v2.01

(/usr/local/texlive/2013/texmf-dist/tex/latex/amsmath/amsgen.sty
File: amsgen.sty 1999/11/30 v2.0
\@emptytoks=\toks19
\ex@=\dimen126
))
(/usr/local/texlive/2013/texmf-dist/tex/latex/amsmath/amsbsy.sty
Package: amsbsy 1999/11/29 v1.2d
\pmbraise@=\dimen127
)
(/usr/local/texlive/2013/texmf-dist/tex/latex/amsmath/amsopn.sty
Package: amsopn 1999/12/14 v2.01 operator names
)
\inf@bad=\count117
LaTeX Info: Redefining \frac on input line 210.
\uproot@=\count118
\leftroot@=\count119
LaTeX Info: Redefining \overline on input line 306.
\classnum@=\count120
\DOTSCASE@=\count121
LaTeX Info: Redefining \ldots on input line 378.
LaTeX Info: Redefining \dots on input line 381.
LaTeX Info: Redefining \cdots on input line 466.
\Mathstrutbox@=\box54
\strutbox@=\box55
\big@size=\dimen128
LaTeX Font Info:    Redeclaring font encoding OML on input line 566.
LaTeX Font Info:    Redeclaring font encoding OMS on input line 567.


Package amsmath Warning: Unable to redefine math accent \vec.

\macc@depth=\count122
\c@MaxMatrixCols=\count123
\dotsspace@=\muskip10
\c@parentequation=\count124
\dspbrk@lvl=\count125
\tag@help=\toks20
\row@=\count126
\column@=\count127
\maxfields@=\count128
\andhelp@=\toks21
\eqnshift@=\dimen129
\alignsep@=\dimen130
\tagshift@=\dimen131
\tagwidth@=\dimen132
\totwidth@=\dimen133
\lineht@=\dimen134
\@envbody=\toks22
\multlinegap=\skip46
\multlinetaggap=\skip47
\mathdisplay@stack=\toks23
LaTeX Info: Redefining \[ on input line 2665.
LaTeX Info: Redefining \] on input line 2666.
) (/usr/local/texlive/2013/texmf-dist/tex/latex/algorithmicx/algpseudocode.sty
Package: algpseudocode 

(/usr/local/texlive/2013/texmf-dist/tex/latex/base/ifthen.sty
Package: ifthen 2001/05/26 v1.1c Standard LaTeX ifthen package (DPC)
)
(/usr/local/texlive/2013/texmf-dist/tex/latex/algorithmicx/algorithmicx.sty
Package: algorithmicx 2005/04/27 v1.2 Algorithmicx

Document Style algorithmicx 1.2 - a greatly improved `algorithmic' style
\c@ALG@line=\count129
\c@ALG@rem=\count130
\c@ALG@nested=\count131
\ALG@tlm=\skip48
\ALG@thistlm=\skip49
\c@ALG@Lnr=\count132
\c@ALG@blocknr=\count133
\c@ALG@storecount=\count134
\c@ALG@tmpcounter=\count135
\ALG@tmplength=\skip50
)
Document Style - pseudocode environments for use with the `algorithmicx' style
) (/usr/local/texlive/2013/texmf-dist/tex/latex/algorithms/algorithm.sty
Package: algorithm 2009/08/24 v0.1 Document Style `algorithm' - floating enviro
nment

(/usr/local/texlive/2013/texmf-dist/tex/latex/float/float.sty
Package: float 2001/11/08 v1.3d Float enhancements (AL)
\c@float@type=\count136
\float@exts=\toks24
\float@box=\box56
\@float@everytoks=\toks25
\@floatcapt=\box57
)
\@float@every@algorithm=\toks26
\c@algorithm=\count137
)
(/usr/local/texlive/2013/texmf-dist/tex/latex/subfigure/subfigure.sty
Package: subfigure 2002/03/15 v2.1.5 subfigure package
\subfigtopskip=\skip51
\subfigcapskip=\skip52
\subfigcaptopadj=\dimen135
\subfigbottomskip=\skip53
\subfigcapmargin=\dimen136
\subfiglabelskip=\skip54
\c@subfigure=\count138
\c@lofdepth=\count139
\c@subtable=\count140
\c@lotdepth=\count141

****************************************
* Local config file subfigure.cfg used *
****************************************
(/usr/local/texlive/2013/texmf-dist/tex/latex/subfigure/subfigure.cfg)
\subfig@top=\skip55
\subfig@bottom=\skip56
)
(./BTSVD.aux)
\openout1 = `BTSVD.aux'.

LaTeX Font Info:    Checking defaults for OML/cmm/m/it on input line 21.
LaTeX Font Info:    ... okay on input line 21.
LaTeX Font Info:    Checking defaults for T1/cmr/m/n on input line 21.
LaTeX Font Info:    ... okay on input line 21.
LaTeX Font Info:    Checking defaults for OT1/cmr/m/n on input line 21.
LaTeX Font Info:    ... okay on input line 21.
LaTeX Font Info:    Checking defaults for OMS/cmsy/m/n on input line 21.
LaTeX Font Info:    ... okay on input line 21.
LaTeX Font Info:    Checking defaults for OMX/cmex/m/n on input line 21.
LaTeX Font Info:    ... okay on input line 21.
LaTeX Font Info:    Checking defaults for U/cmr/m/n on input line 21.
LaTeX Font Info:    ... okay on input line 21.

(/usr/local/texlive/2013/texmf-dist/tex/context/base/supp-pdf.mkii
[Loading MPS to PDF converter (version 2006.09.02).]
\scratchcounter=\count142
\scratchdimen=\dimen137
\scratchbox=\box58
\nofMPsegments=\count143
\nofMParguments=\count144
\everyMPshowfont=\toks27
\MPscratchCnt=\count145
\MPscratchDim=\dimen138
\MPnumerator=\count146
\makeMPintoPDFobject=\count147
\everyMPtoPDFconversion=\toks28
) (/usr/local/texlive/2013/texmf-dist/tex/generic/oberdiek/pdftexcmds.sty
Package: pdftexcmds 2011/11/29 v0.20 Utility functions of pdfTeX for LuaTeX (HO
)

(/usr/local/texlive/2013/texmf-dist/tex/generic/oberdiek/ifluatex.sty
Package: ifluatex 2010/03/01 v1.3 Provides the ifluatex switch (HO)
Package ifluatex Info: LuaTeX not detected.
)
Package pdftexcmds Info: LuaTeX not detected.
Package pdftexcmds Info: \pdf@primitive is available.
Package pdftexcmds Info: \pdf@ifprimitive is available.
Package pdftexcmds Info: \pdfdraftmode found.
)
(/usr/local/texlive/2013/texmf-dist/tex/latex/oberdiek/epstopdf-base.sty
Package: epstopdf-base 2010/02/09 v2.5 Base part for package epstopdf

(/usr/local/texlive/2013/texmf-dist/tex/latex/oberdiek/grfext.sty
Package: grfext 2010/08/19 v1.1 Manage graphics extensions (HO)

(/usr/local/texlive/2013/texmf-dist/tex/generic/oberdiek/kvdefinekeys.sty
Package: kvdefinekeys 2011/04/07 v1.3 Define keys (HO)
))
(/usr/local/texlive/2013/texmf-dist/tex/latex/oberdiek/kvoptions.sty
Package: kvoptions 2011/06/30 v3.11 Key value format for package options (HO)

(/usr/local/texlive/2013/texmf-dist/tex/generic/oberdiek/kvsetkeys.sty
Package: kvsetkeys 2012/04/25 v1.16 Key value parser (HO)

(/usr/local/texlive/2013/texmf-dist/tex/generic/oberdiek/etexcmds.sty
Package: etexcmds 2011/02/16 v1.5 Avoid name clashes with e-TeX commands (HO)
Package etexcmds Info: Could not find \expanded.
(etexcmds)             That can mean that you are not using pdfTeX 1.50 or
(etexcmds)             that some package has redefined \expanded.
(etexcmds)             In the latter case, load this package earlier.
)))
Package grfext Info: Graphics extension search list:
(grfext)             [.pdf,.jpeg,.png,.eps]
(grfext)             \AppendGraphicsExtensions on input line 452.

(/usr/local/texlive/2013/texmf-dist/tex/latex/latexconfig/epstopdf-sys.cfg
File: epstopdf-sys.cfg 2010/07/13 v1.3 Configuration of (r)epstopdf for TeX Liv
e
))
LaTeX Font Info:    External font `cmex10' loaded for size
(Font)              <7> on input line 31.
LaTeX Font Info:    External font `cmex10' loaded for size
(Font)              <5> on input line 31.
LaTeX Font Info:    External font `cmex10' loaded for size
(Font)              <9> on input line 31.
LaTeX Font Info:    External font `cmex10' loaded for size
(Font)              <6> on input line 31.

(./0_abstract.tex) (./1_intro.tex [1

{/usr/local/texlive/2013/texmf-var/fonts/map/pdftex/updmap/pdftex.map}] [2]) (.
/3_algorithm.tex [3] [4]
(./algorithm_negcount.tex) (./algorithm_bisection.tex) [5] [6] [7]
(./algorithm_twisted.tex)) (./4_implement.tex [8]
Package epstopdf Info: Source file: <./eps/length_interval.eps>
(epstopdf)                    date: 2015-01-25 23:09:47
(epstopdf)                    size: 68594 bytes
(epstopdf)             Output file: <./eps/length_interval-eps-converted-to.pdf
>
(epstopdf)                    date: 2015-01-25 23:09:47
(epstopdf)                    size: 17705 bytes
(epstopdf)             Command: <repstopdf --outfile=./eps/length_interval-eps-
converted-to.pdf ./eps/length_interval.eps>
(epstopdf)             \includegraphics on input line 27.
Package epstopdf Info: Output file is already uptodate.

<./eps/length_interval-eps-converted-to.pdf, id=47, 487.8225pt x 182.6825pt>
File: ./eps/length_interval-eps-converted-to.pdf Graphic file (type pdf)

<use ./eps/length_interval-eps-converted-to.pdf>
Package pdftex.def Info: ./eps/length_interval-eps-converted-to.pdf used on inp
ut line 27.
(pdftex.def)             Requested size: 121.49535pt x 45.49768pt.
Package epstopdf Info: Source file: <./eps/number_interval.eps>
(epstopdf)                    date: 2015-01-25 23:09:47
(epstopdf)                    size: 68260 bytes
(epstopdf)             Output file: <./eps/number_interval-eps-converted-to.pdf
>
(epstopdf)                    date: 2015-01-25 23:09:47
(epstopdf)                    size: 17667 bytes
(epstopdf)             Command: <repstopdf --outfile=./eps/number_interval-eps-
converted-to.pdf ./eps/number_interval.eps>
(epstopdf)             \includegraphics on input line 32.
Package epstopdf Info: Output file is already uptodate.

<./eps/number_interval-eps-converted-to.pdf, id=48, 487.8225pt x 182.6825pt>
File: ./eps/number_interval-eps-converted-to.pdf Graphic file (type pdf)

<use ./eps/number_interval-eps-converted-to.pdf>
Package pdftex.def Info: ./eps/number_interval-eps-converted-to.pdf used on inp
ut line 32.
(pdftex.def)             Requested size: 121.49535pt x 45.49768pt.
 [9] [10 <./eps/length_interval-eps-converted-to.pdf> <./eps/number_interval-ep
s-converted-to.pdf>]
(./algorithm_numsub.tex) [11] [12]) (./5_experiment.tex [13]
Package epstopdf Info: Source file: <./eps/svd_speedup.eps>
(epstopdf)                    date: 2015-01-25 23:09:47
(epstopdf)                    size: 12876 bytes
(epstopdf)             Output file: <./eps/svd_speedup-eps-converted-to.pdf>
(epstopdf)                    date: 2015-01-25 23:09:47
(epstopdf)                    size: 10364 bytes
(epstopdf)             Command: <repstopdf --outfile=./eps/svd_speedup-eps-conv
erted-to.pdf ./eps/svd_speedup.eps>
(epstopdf)             \includegraphics on input line 60.
Package epstopdf Info: Output file is already uptodate.

<./eps/svd_speedup-eps-converted-to.pdf, id=100, 562.1pt x 421.575pt>
File: ./eps/svd_speedup-eps-converted-to.pdf Graphic file (type pdf)

<use ./eps/svd_speedup-eps-converted-to.pdf>
Package pdftex.def Info: ./eps/svd_speedup-eps-converted-to.pdf used on input l
ine 60.
(pdftex.def)             Requested size: 124.96468pt x 93.71812pt.
 [14 <./eps/svd_speedup-eps-converted-to.pdf>]
Package epstopdf Info: Source file: <./eps/svd_val_gpus.eps>
(epstopdf)                    date: 2015-01-25 23:09:47
(epstopdf)                    size: 11709 bytes
(epstopdf)             Output file: <./eps/svd_val_gpus-eps-converted-to.pdf>
(epstopdf)                    date: 2015-01-25 23:09:47
(epstopdf)                    size: 9068 bytes
(epstopdf)             Command: <repstopdf --outfile=./eps/svd_val_gpus-eps-con
verted-to.pdf ./eps/svd_val_gpus.eps>
(epstopdf)             \includegraphics on input line 86.
Package epstopdf Info: Output file is already uptodate.

<./eps/svd_val_gpus-eps-converted-to.pdf, id=110, 562.1pt x 421.575pt>
File: ./eps/svd_val_gpus-eps-converted-to.pdf Graphic file (type pdf)

<use ./eps/svd_val_gpus-eps-converted-to.pdf>
Package pdftex.def Info: ./eps/svd_val_gpus-eps-converted-to.pdf used on input 
line 86.
(pdftex.def)             Requested size: 124.96468pt x 93.71812pt.
Package epstopdf Info: Source file: <./eps/svd_val_gpus_prof.eps>
(epstopdf)                    date: 2015-01-25 23:09:47
(epstopdf)                    size: 15745 bytes
(epstopdf)             Output file: <./eps/svd_val_gpus_prof-eps-converted-to.p
df>
(epstopdf)                    date: 2015-01-25 23:09:47
(epstopdf)                    size: 11535 bytes
(epstopdf)             Command: <repstopdf --outfile=./eps/svd_val_gpus_prof-ep
s-converted-to.pdf ./eps/svd_val_gpus_prof.eps>
(epstopdf)             \includegraphics on input line 102.
Package epstopdf Info: Output file is already uptodate.

<./eps/svd_val_gpus_prof-eps-converted-to.pdf, id=111, 842.14626pt x 421.575pt>
File: ./eps/svd_val_gpus_prof-eps-converted-to.pdf Graphic file (type pdf)
<use ./eps/svd_val_gpus_prof-eps-converted-to.pdf>
Package pdftex.def Info: ./eps/svd_val_gpus_prof-eps-converted-to.pdf used on i
nput line 102.
(pdftex.def)             Requested size: 173.55345pt x 108.40399pt.
 [15 <./eps/svd_val_gpus-eps-converted-to.pdf> <./eps/svd_val_gpus_prof-eps-con
verted-to.pdf>]
Package epstopdf Info: Source file: <./eps/svd_vec_gpus.eps>
(epstopdf)                    date: 2015-01-25 23:09:47
(epstopdf)                    size: 11390 bytes
(epstopdf)             Output file: <./eps/svd_vec_gpus-eps-converted-to.pdf>
(epstopdf)                    date: 2015-01-25 23:09:47
(epstopdf)                    size: 8783 bytes
(epstopdf)             Command: <repstopdf --outfile=./eps/svd_vec_gpus-eps-con
verted-to.pdf ./eps/svd_vec_gpus.eps>
(epstopdf)             \includegraphics on input line 144.
Package epstopdf Info: Output file is already uptodate.

<./eps/svd_vec_gpus-eps-converted-to.pdf, id=125, 562.1pt x 421.575pt>
File: ./eps/svd_vec_gpus-eps-converted-to.pdf Graphic file (type pdf)

<use ./eps/svd_vec_gpus-eps-converted-to.pdf>
Package pdftex.def Info: ./eps/svd_vec_gpus-eps-converted-to.pdf used on input 
line 144.
(pdftex.def)             Requested size: 124.96468pt x 93.71812pt.
Package epstopdf Info: Source file: <./eps/svd_vec_gpus_prof.eps>
(epstopdf)                    date: 2015-01-25 23:09:47
(epstopdf)                    size: 15622 bytes
(epstopdf)             Output file: <./eps/svd_vec_gpus_prof-eps-converted-to.p
df>
(epstopdf)                    date: 2015-01-25 23:09:47
(epstopdf)                    size: 11361 bytes
(epstopdf)             Command: <repstopdf --outfile=./eps/svd_vec_gpus_prof-ep
s-converted-to.pdf ./eps/svd_vec_gpus_prof.eps>
(epstopdf)             \includegraphics on input line 152.
Package epstopdf Info: Output file is already uptodate.

<./eps/svd_vec_gpus_prof-eps-converted-to.pdf, id=126, 844.15375pt x 421.575pt>
File: ./eps/svd_vec_gpus_prof-eps-converted-to.pdf Graphic file (type pdf)
<use ./eps/svd_vec_gpus_prof-eps-converted-to.pdf>
Package pdftex.def Info: ./eps/svd_vec_gpus_prof-eps-converted-to.pdf used on i
nput line 152.
(pdftex.def)             Requested size: 173.55498pt x 108.40399pt.
 [16 <./eps/svd_vec_gpus-eps-converted-to.pdf> <./eps/svd_vec_gpus_prof-eps-con
verted-to.pdf>]
Package epstopdf Info: Source file: <./eps/pthread.eps>
(epstopdf)                    date: 2015-01-25 23:09:47
(epstopdf)                    size: 12725 bytes
(epstopdf)             Output file: <./eps/pthread-eps-converted-to.pdf>
(epstopdf)                    date: 2015-01-25 23:09:47
(epstopdf)                    size: 10284 bytes
(epstopdf)             Command: <repstopdf --outfile=./eps/pthread-eps-converte
d-to.pdf ./eps/pthread.eps>
(epstopdf)             \includegraphics on input line 195.
Package epstopdf Info: Output file is already uptodate.

<./eps/pthread-eps-converted-to.pdf, id=140, 562.1pt x 421.575pt>
File: ./eps/pthread-eps-converted-to.pdf Graphic file (type pdf)

<use ./eps/pthread-eps-converted-to.pdf>
Package pdftex.def Info: ./eps/pthread-eps-converted-to.pdf used on input line 
195.
(pdftex.def)             Requested size: 131.90863pt x 98.9286pt.


LaTeX Warning: `h' float specifier changed to `ht'.

[17 <./eps/pthread-eps-converted-to.pdf>]
Package epstopdf Info: Source file: <./eps/compare_value_kernel.eps>
(epstopdf)                    date: 2015-01-25 23:09:47
(epstopdf)                    size: 21591 bytes
(epstopdf)             Output file: <./eps/compare_value_kernel-eps-converted-t
o.pdf>
(epstopdf)                    date: 2015-01-25 23:09:47
(epstopdf)                    size: 9006 bytes
(epstopdf)             Command: <repstopdf --outfile=./eps/compare_value_kernel
-eps-converted-to.pdf ./eps/compare_value_kernel.eps>
(epstopdf)             \includegraphics on input line 279.
Package epstopdf Info: Output file is already uptodate.

<./eps/compare_value_kernel-eps-converted-to.pdf, id=149, 562.1pt x 421.575pt>
File: ./eps/compare_value_kernel-eps-converted-to.pdf Graphic file (type pdf)

<use ./eps/compare_value_kernel-eps-converted-to.pdf>
Package pdftex.def Info: ./eps/compare_value_kernel-eps-converted-to.pdf used o
n input line 279.
(pdftex.def)             Requested size: 138.84729pt x 104.13268pt.
Package epstopdf Info: Source file: <./eps/transaction.eps>
(epstopdf)                    date: 2015-01-25 23:09:47
(epstopdf)                    size: 15820 bytes
(epstopdf)             Output file: <./eps/transaction-eps-converted-to.pdf>
(epstopdf)                    date: 2015-01-25 23:09:47
(epstopdf)                    size: 9487 bytes
(epstopdf)             Command: <repstopdf --outfile=./eps/transaction-eps-conv
erted-to.pdf ./eps/transaction.eps>
(epstopdf)             \includegraphics on input line 300.
Package epstopdf Info: Output file is already uptodate.

<./eps/transaction-eps-converted-to.pdf, id=150, 562.1pt x 421.575pt>
File: ./eps/transaction-eps-converted-to.pdf Graphic file (type pdf)

<use ./eps/transaction-eps-converted-to.pdf>
Package pdftex.def Info: ./eps/transaction-eps-converted-to.pdf used on input l
ine 300.
(pdftex.def)             Requested size: 138.84729pt x 104.13268pt.
 [18]) (./2_relate.tex [19 <./eps/compare_value_kernel-eps-converted-to.pdf> <.
/eps/transaction-eps-converted-to.pdf>]) (./6_conclusion.tex) [20] (./bibliogra
phy.tex
Missing character: There is no â in font cmr9!
Missing character: There is no € in font cmr9!
Missing character: There is no “ in font cmr9!
Missing character: There is no Â in font cmti9!
Missing character: There is no ® in font cmti9!

Underfull \hbox (badness 10000) in paragraph at lines 80--83
[]\OT1/cmr/m/it/9 Reference Man-ual for In-tel Math Ker-nel Li-brary 11.1\OT1/c
mr/m/n/9 .
 []

Missing character: There is no â in font cmr9!
Missing character: There is no € in font cmr9!
Missing character: There is no “ in font cmr9!
[21]) [22] (./BTSVD.aux) ) 
Here is how much of TeX's memory you used:
 3458 strings out of 493315
 48036 string characters out of 6137904
 122820 words of memory out of 5000000
 6813 multiletter control sequences out of 15000+600000
 9814 words of font info for 34 fonts, out of 8000000 for 9000
 957 hyphenation exceptions out of 8191
 38i,9n,27p,495b,314s stack positions out of 5000i,500n,10000p,200000b,80000s
</usr/local/texlive/2013/texmf-dist/fonts/type1/publi
c/amsfonts/cm/cmbx10.pfb></usr/local/texlive/2013/texmf-dist/fonts/type1/public
/amsfonts/cm/cmbx12.pfb></usr/local/texlive/2013/texmf-dist/fonts/type1/public/
amsfonts/cm/cmbx9.pfb></usr/local/texlive/2013/texmf-dist/fonts/type1/public/am
sfonts/cm/cmex10.pfb></usr/local/texlive/2013/texmf-dist/fonts/type1/public/ams
fonts/cm/cmmi10.pfb></usr/local/texlive/2013/texmf-dist/fonts/type1/public/amsf
onts/cm/cmmi5.pfb></usr/local/texlive/2013/texmf-dist/fonts/type1/public/amsfon
ts/cm/cmmi6.pfb></usr/local/texlive/2013/texmf-dist/fonts/type1/public/amsfonts
/cm/cmmi7.pfb></usr/local/texlive/2013/texmf-dist/fonts/type1/public/amsfonts/c
m/cmmi9.pfb></usr/local/texlive/2013/texmf-dist/fonts/type1/public/amsfonts/cm/
cmr10.pfb></usr/local/texlive/2013/texmf-dist/fonts/type1/public/amsfonts/cm/cm
r5.pfb></usr/local/texlive/2013/texmf-dist/fonts/type1/public/amsfonts/cm/cmr6.
pfb></usr/local/texlive/2013/texmf-dist/fonts/type1/public/amsfonts/cm/cmr7.pfb
></usr/local/texlive/2013/texmf-dist/fonts/type1/public/amsfonts/cm/cmr9.pfb></
usr/local/texlive/2013/texmf-dist/fonts/type1/public/amsfonts/cm/cmsy10.pfb></u
sr/local/texlive/2013/texmf-dist/fonts/type1/public/amsfonts/cm/cmsy5.pfb></usr
/local/texlive/2013/texmf-dist/fonts/type1/public/amsfonts/cm/cmsy6.pfb></usr/l
ocal/texlive/2013/texmf-dist/fonts/type1/public/amsfonts/cm/cmsy7.pfb></usr/loc
al/texlive/2013/texmf-dist/fonts/type1/public/amsfonts/cm/cmsy9.pfb></usr/local
/texlive/2013/texmf-dist/fonts/type1/public/amsfonts/cm/cmti10.pfb></usr/local/
texlive/2013/texmf-dist/fonts/type1/public/amsfonts/cm/cmti9.pfb>
Output written on BTSVD.pdf (22 pages, 402909 bytes).
PDF statistics:
 246 PDF objects out of 1000 (max. 8388607)
 167 compressed objects within 2 object streams
 0 named destinations out of 1000 (max. 500000)
 51 words of extra memory for PDF output out of 10000 (max. 10000000)

